#
# There is insufficient memory for the Java Runtime Environment to continue.
# Native memory allocation (mmap) failed to map 132120576 bytes for G1 virtual space
# Possible reasons:
#   The system is out of physical RAM or swap space
#   The process is running with CompressedOops enabled, and the Java Heap may be blocking the growth of the native heap
# Possible solutions:
#   Reduce memory load on the system
#   Increase physical memory or swap space
#   Check if swap backing store is full
#   Decrease Java heap size (-Xmx/-Xms)
#   Decrease number of Java threads
#   Decrease Java thread stack sizes (-Xss)
#   Set larger code cache with -XX:ReservedCodeCacheSize=
#   JVM is running with Unscaled Compressed Oops mode in which the Java heap is
#     placed in the first 4GB address space. The Java Heap base address is the
#     maximum limit for the native heap growth. Please use -XX:HeapBaseMinAddress
#     to set the Java Heap base and to place the Java Heap above 4GB virtual address.
# This output file may be truncated or incomplete.
#
#  Out of Memory Error (os_windows.cpp:3532), pid=4276, tid=13876
#
# JRE version:  (17.0.2+8) (build )
# Java VM: Java HotSpot(TM) 64-Bit Server VM (17.0.2+8-LTS-86, mixed mode, sharing, tiered, compressed oops, compressed class ptrs, g1 gc, windows-amd64)
# No core dump will be written. Minidumps are not enabled by default on client versions of Windows
#

---------------  S U M M A R Y ------------

Command Line: -ea -Didea.test.cyclic.buffer.size=1048576 -javaagent:D:\Program Files\JetBrains\IntelliJ IDEA 2021.2.3\lib\idea_rt.jar=6248:D:\Program Files\JetBrains\IntelliJ IDEA 2021.2.3\bin -Dfile.encoding=UTF-8 com.intellij.rt.junit.JUnitStarter -ideVersion5 -junit4 com.dao.StockNameIDTest,testCGS

Host: Intel(R) Core(TM) i7-8565U CPU @ 1.80GHz, 8 cores, 7G,  Windows 10 , 64 bit Build 19041 (10.0.19041.1566)
Time: Fri Mar 25 23:19:19 2022  Windows 10 , 64 bit Build 19041 (10.0.19041.1566) elapsed time: 0.119415 seconds (0d 0h 0m 0s)

---------------  T H R E A D  ---------------

Current thread (0x000001d992365560):  JavaThread "Unknown thread" [_thread_in_vm, id=13876, stack(0x0000008c4b900000,0x0000008c4ba00000)]

Stack: [0x0000008c4b900000,0x0000008c4ba00000]
Native frames: (J=compiled Java code, j=interpreted, Vv=VM code, C=native code)
V  [jvm.dll+0x670baa]
V  [jvm.dll+0x7cfcb4]
V  [jvm.dll+0x7d145e]
V  [jvm.dll+0x7d1ac3]
V  [jvm.dll+0x242bc5]
V  [jvm.dll+0x66dac9]
V  [jvm.dll+0x662412]
V  [jvm.dll+0x300c0b]
V  [jvm.dll+0x3081a6]
V  [jvm.dll+0x357d0e]
V  [jvm.dll+0x357f3f]
V  [jvm.dll+0x2d7ec8]
V  [jvm.dll+0x2d8e34]
V  [jvm.dll+0x7a18c1]
V  [jvm.dll+0x365a91]
V  [jvm.dll+0x780d2c]
V  [jvm.dll+0x3e845f]
V  [jvm.dll+0x3e9f01]
C  [jli.dll+0x527b]
C  [ucrtbase.dll+0x21bb2]
C  [KERNEL32.DLL+0x17034]
C  [ntdll.dll+0x52651]


---------------  P R O C E S S  ---------------

Threads class SMR info:
_java_thread_list=0x00007ffba7a49858, length=0, elements={
}

Java Threads: ( => current thread )

Other Threads:
  0x000001d9923a3d30 GCTaskThread "GC Thread#0" [stack: 0x0000008c4ba00000,0x0000008c4bb00000] [id=24312]
  0x000001d9923b47b0 ConcurrentGCThread "G1 Main Marker" [stack: 0x0000008c4bb00000,0x0000008c4bc00000] [id=23980]
  0x000001d9923b5960 ConcurrentGCThread "G1 Conc#0" [stack: 0x0000008c4bc00000,0x0000008c4bd00000] [id=20296]

[error occurred during error reporting (printing all threads), id 0xc0000005, EXCEPTION_ACCESS_VIOLATION (0xc0000005) at pc=0x00007ffba72988a7]

VM state: not at safepoint (not fully initialized)

VM Mutex/Monitor currently owned by a thread:  ([mutex/lock_event])
[0x000001d992362480] Heap_lock - owner thread: 0x000001d992365560

Heap address: 0x0000000082600000, size: 2010 MB, Compressed Oops mode: 32-bit

CDS archive(s) mapped at: [0x0000000000000000-0x0000000000000000-0x0000000000000000), size 0, SharedBaseAddress: 0x0000000800000000, ArchiveRelocationMode: 0.
Narrow klass base: 0x0000000000000000, Narrow klass shift: 0, Narrow klass range: 0x0

GC Precious Log:
<Empty>

Heap:
 garbage-first heap   total 0K, used 0K [0x0000000082600000, 0x0000000100000000)
  region size 1024K, 0 young (0K), 0 survivors (0K)

[error occurred during error reporting (printing heap information), id 0xc0000005, EXCEPTION_ACCESS_VIOLATION (0xc0000005) at pc=0x00007ffba7679f19]

GC Heap History (0 events):
No events

Deoptimization events (0 events):
No events

Classes unloaded (0 events):
No events

Classes redefined (0 events):
No events

Internal exceptions (0 events):
No events

VM Operations (0 events):
No events

Events (1 events):
Event: 0.115 Loaded shared library D:\jdk-17_windows-x64_bin\jdk-17.0.2\bin\java.dll


Dynamic libraries:
0x00007ff7eaeb0000 - 0x00007ff7eaec0000 	D:\jdk-17_windows-x64_bin\jdk-17.0.2\bin\java.exe
0x00007ffc11230000 - 0x00007ffc11425000 	C:\Windows\SYSTEM32\ntdll.dll
0x00007ffc11130000 - 0x00007ffc111ee000 	C:\Windows\System32\KERNEL32.DLL
0x00007ffc0ebd0000 - 0x00007ffc0ee98000 	C:\Windows\System32\KERNELBASE.dll
0x00007ffc0ea00000 - 0x00007ffc0eb00000 	C:\Windows\System32\ucrtbase.dll
0x00007ffc097d0000 - 0x00007ffc097e8000 	D:\jdk-17_windows-x64_bin\jdk-17.0.2\bin\jli.dll
0x00007ffc092c0000 - 0x00007ffc092da000 	D:\jdk-17_windows-x64_bin\jdk-17.0.2\bin\VCRUNTIME140.dll
0x00007ffc0f3a0000 - 0x00007ffc0f44e000 	C:\Windows\System32\ADVAPI32.dll
0x00007ffc10830000 - 0x00007ffc108ce000 	C:\Windows\System32\msvcrt.dll
0x00007ffc10ed0000 - 0x00007ffc10f6c000 	C:\Windows\System32\sechost.dll
0x00007ffc10510000 - 0x00007ffc10635000 	C:\Windows\System32\RPCRT4.dll
0x00007ffc10680000 - 0x00007ffc10820000 	C:\Windows\System32\USER32.dll
0x00007ffbf1110000 - 0x00007ffbf13aa000 	C:\Windows\WinSxS\amd64_microsoft.windows.common-controls_6595b64144ccf1df_6.0.19041.1110_none_60b5254171f9507e\COMCTL32.dll
0x00007ffc0eea0000 - 0x00007ffc0eec2000 	C:\Windows\System32\win32u.dll
0x00007ffc10b30000 - 0x00007ffc10b5b000 	C:\Windows\System32\GDI32.dll
0x00007ffc0f180000 - 0x00007ffc0f28b000 	C:\Windows\System32\gdi32full.dll
0x00007ffc0eb30000 - 0x00007ffc0ebcd000 	C:\Windows\System32\msvcp_win.dll
0x00007ffc065e0000 - 0x00007ffc065ea000 	C:\Windows\SYSTEM32\VERSION.dll
0x00007ffc10640000 - 0x00007ffc10670000 	C:\Windows\System32\IMM32.DLL
0x00007ffc0a010000 - 0x00007ffc0a01c000 	D:\jdk-17_windows-x64_bin\jdk-17.0.2\bin\vcruntime140_1.dll
0x00007ffbea0a0000 - 0x00007ffbea12d000 	D:\jdk-17_windows-x64_bin\jdk-17.0.2\bin\msvcp140.dll
0x00007ffba6fb0000 - 0x00007ffba7b71000 	D:\jdk-17_windows-x64_bin\jdk-17.0.2\bin\server\jvm.dll
0x00007ffc10670000 - 0x00007ffc10678000 	C:\Windows\System32\PSAPI.DLL
0x00007ffbea130000 - 0x00007ffbea139000 	C:\Windows\SYSTEM32\WSOCK32.dll
0x00007ffc06cd0000 - 0x00007ffc06cf7000 	C:\Windows\SYSTEM32\WINMM.dll
0x00007ffc10390000 - 0x00007ffc103fb000 	C:\Windows\System32\WS2_32.dll
0x00007ffc0c860000 - 0x00007ffc0c872000 	C:\Windows\SYSTEM32\kernel.appcore.dll
0x00007ffc09ea0000 - 0x00007ffc09eaa000 	D:\jdk-17_windows-x64_bin\jdk-17.0.2\bin\jimage.dll
0x00007ffc065f0000 - 0x00007ffc067d4000 	C:\Windows\SYSTEM32\DBGHELP.DLL
0x00007ffbec7a0000 - 0x00007ffbec7cc000 	C:\Windows\SYSTEM32\dbgcore.DLL
0x00007ffc0ef90000 - 0x00007ffc0f012000 	C:\Windows\System32\bcryptPrimitives.dll
0x00007ffbf0ec0000 - 0x00007ffbf0ece000 	D:\jdk-17_windows-x64_bin\jdk-17.0.2\bin\instrument.dll
0x00007ffbea040000 - 0x00007ffbea065000 	D:\jdk-17_windows-x64_bin\jdk-17.0.2\bin\java.dll

dbghelp: loaded successfully - version: 4.0.5 - missing functions: none
symbol engine: initialized successfully - sym options: 0x614 - pdb path: .;D:\jdk-17_windows-x64_bin\jdk-17.0.2\bin;C:\Windows\SYSTEM32;C:\Windows\WinSxS\amd64_microsoft.windows.common-controls_6595b64144ccf1df_6.0.19041.1110_none_60b5254171f9507e;D:\jdk-17_windows-x64_bin\jdk-17.0.2\bin\server

VM Arguments:
jvm_args: -ea -Didea.test.cyclic.buffer.size=1048576 -javaagent:D:\Program Files\JetBrains\IntelliJ IDEA 2021.2.3\lib\idea_rt.jar=6248:D:\Program Files\JetBrains\IntelliJ IDEA 2021.2.3\bin -Dfile.encoding=UTF-8 
java_command: com.intellij.rt.junit.JUnitStarter -ideVersion5 -junit4 com.dao.StockNameIDTest,testCGS
java_class_path (initial): D:\Program Files\JetBrains\IntelliJ IDEA 2021.2.3\lib\idea_rt.jar;D:\Program Files\JetBrains\IntelliJ IDEA 2021.2.3\plugins\junit\lib\junit5-rt.jar;D:\Program Files\JetBrains\IntelliJ IDEA 2021.2.3\plugins\junit\lib\junit-rt.jar;D:\JavaProject\srp\Srproject\Mybatis-01\target\test-classes;D:\JavaProject\srp\Srproject\Mybatis-01\target\classes;C:\Users\MaRui\.m2\repository\junit\junit\4.11\junit-4.11.jar;C:\Users\MaRui\.m2\repository\org\hamcrest\hamcrest-core\1.3\hamcrest-core-1.3.jar;C:\Users\MaRui\.m2\repository\org\springframework\spring-core\5.0.3.RELEASE\spring-core-5.0.3.RELEASE.jar;C:\Users\MaRui\.m2\repository\org\springframework\spring-jcl\5.0.3.RELEASE\spring-jcl-5.0.3.RELEASE.jar;C:\Users\MaRui\.m2\repository\org\springframework\spring-beans\5.0.3.RELEASE\spring-beans-5.0.3.RELEASE.jar;C:\Users\MaRui\.m2\repository\org\springframework\spring-context\5.0.3.RELEASE\spring-context-5.0.3.RELEASE.jar;C:\Users\MaRui\.m2\repository\org\springframework\spring-aop\5.0.3.RELEASE\spring-aop-5.0.3.RELEASE.jar;C:\Users\MaRui\.m2\repository\org\springframework\spring-expression\5.0.3.RELEASE\spring-expression-5.0.3.RELEASE.jar;C:\Users\MaRui\.m2\repository\org\springframework\spring-context-support\5.0.3.RELEASE\spring-context-support-5.0.3.RELEASE.jar;C:\Users\MaRui\.m2\repository\org\springframework\spring-jdbc\5.0.3.RELEASE\spring-jdbc-5.0.3.RELEASE.jar;C:\Users\MaRui\.m2\repository\org\springframework\spring-tx\5.0.3.RELEASE\spring-tx-5.0.3.RELEASE.jar;C:\Users\MaRui\.m2\repository\org\springframework\spring-web\5.0.3.RELEASE\spring-web-5.0.3.RELEASE.jar;C:\Users\MaRui\.m2\repository\org\springframework\spring-webmvc\5.0.3.RELEASE\spring-webmvc-5.0.3.RELEASE.jar;C:\Users\MaRui\.m2\repository\org\springframework\spring-test\5.0.3.RELEASE\spring-test-5.0.3.RELEASE.jar;C:\Users\MaRui\.m2\repository\javax\servlet\javax.servlet-api\3.0.1\javax.servlet-api-3.0.1.jar;C:\Users\MaRui\.m2\repository\javax\servlet\jsp\jsp-api\2.2\jsp-api-2.2.jar;C:
Launcher Type: SUN_STANDARD

[Global flags]
     intx CICompilerCount                          = 4                                         {product} {ergonomic}
     uint ConcGCThreads                            = 2                                         {product} {ergonomic}
     uint G1ConcRefinementThreads                  = 8                                         {product} {ergonomic}
   size_t G1HeapRegionSize                         = 1048576                                   {product} {ergonomic}
    uintx GCDrainStackTargetSize                   = 64                                        {product} {ergonomic}
   size_t InitialHeapSize                          = 132120576                                 {product} {ergonomic}
   size_t MarkStackSize                            = 4194304                                   {product} {ergonomic}
   size_t MaxHeapSize                              = 2107637760                                {product} {ergonomic}
   size_t MinHeapDeltaBytes                        = 1048576                                   {product} {ergonomic}
   size_t MinHeapSize                              = 8388608                                   {product} {ergonomic}
    uintx NonNMethodCodeHeapSize                   = 5839372                                {pd product} {ergonomic}
    uintx NonProfiledCodeHeapSize                  = 122909434                              {pd product} {ergonomic}
    uintx ProfiledCodeHeapSize                     = 122909434                              {pd product} {ergonomic}
    uintx ReservedCodeCacheSize                    = 251658240                              {pd product} {ergonomic}
     bool SegmentedCodeCache                       = true                                      {product} {ergonomic}
   size_t SoftMaxHeapSize                          = 2107637760                             {manageable} {ergonomic}
     bool UseCompressedClassPointers               = true                           {product lp64_product} {ergonomic}
     bool UseCompressedOops                        = true                           {product lp64_product} {ergonomic}
     bool UseG1GC                                  = true                                      {product} {ergonomic}
     bool UseLargePagesIndividualAllocation        = false                                  {pd product} {ergonomic}

Logging:
Log output configuration:
 #0: stdout all=warning uptime,level,tags
 #1: stderr all=off uptime,level,tags

Environment Variables:
JAVA_HOME=D:\jdk-17_windows-x64_bin\jdk-17.0.2
CLASSPATH=.;D:\jdk-17_windows-x64_bin\jdk-17.0.2\lib;D:\jdk-17_windows-x64_bin\jdk-17.0.2\lib\tools.jar;D:\apache-tomcat-10.0.17\lib\servlet-api.jar;
PATH=C:\Program Files (x86)\Common Files\Oracle\Java\javapath;D:\NVIDIA\CUDA Development\bin;D:\NVIDIA\CUDA Development\libnvvp;C:\Program Files (x86)\Common Files\Intel\Shared Libraries\redist\intel64_win\compiler;C:\Windows\system32;C:\Windows;C:\Windows\System32\Wbem;C:\Windows\System32\WindowsPowerShell\v1.0\;C:\Windows\System32\OpenSSH\;C:\Program Files\Intel\WiFi\bin\;C:\Program Files\Common Files\Intel\WirelessCommon\;D:\jdk-17_windows-x64_bin\jdk-17.0.2\bin;D:\jdk-17_windows-x64_bin\jdk-17.0.2\jre\bin;C:\Program Files (x86)\Calibre2\;C:\WINDOWS\system32;C:\WINDOWS;C:\WINDOWS\System32\Wbem;C:\WINDOWS\System32\WindowsPowerShell\v1.0\;C:\WINDOWS\System32\OpenSSH\;D:\Python\Python37\;D:\Python\Python37\Scripts;D:\Microsoft Visual Studio\2017\Community\Common7\IDE\CommonExtensions\Microsoft\CMake\CMake\bin;D:\ffmpeg\ffmpeg-20200227-9b22254-win64-static\ffmpeg-20200227-9b22254-win64-static\bin;D:\Graphviz2.38\bin;C:\Program Files (x86)\NVIDIA Corporation\PhysX\Common;C:\Program Files\NVIDIA Corporation\NVIDIA NvDLISR;D:\Microsoft Visual Studio\2019\Community\VC\Tools\MSVC\14.29.30133\bin\Hostx86\x64;D:\Polyspace\R2021a\runtime\win64;D:\Polyspace\R2021a\bin;D:\Polyspace\R2021a\polyspace\bin;C:\Windows\system32;C:\Windows;C:\Windows\System32\Wbem;C:\Windows\System32\WindowsPowerShell\v1.0\;C:\Windows\System32\OpenSSH\;D:\apache-tomcat-10.0.17\bin;D:\apache-tomcat-10.0.17\lib;D:\Program Files\MySQL\MySQL Server 8.0\bin;D:\Git\cmd;D:\Program Files\MySQL\MySQL Shell 8.0\bin\;D:\Python\Python37\Scripts\;D:\Python\Python37\;C:\Users\MaRui\AppData\Local\Microsoft\WindowsApps;C:\Program Files\JetBrains\PyCharm Community Edition 2019.1.3\bin;;"D:\jdk-17_windows-x64_bin\jdk-17.0.2\bin;D:\jdk-17_windows-x64_bin\jdk-17.0.2\jre\bin";D:\texlive\2021\bin\win32;;D:\IntelliJ IDEA Community Edition 2021.3.2\bin;
USERNAME=Âíî£
OS=Windows_NT
PROCESSOR_IDENTIFIER=Intel64 Family 6 Model 142 Stepping 11, GenuineIntel



---------------  S Y S T E M  ---------------

OS:
 Windows 10 , 64 bit Build 19041 (10.0.19041.1566)
OS uptime: 2 days 11:52 hours

CPU: total 8 (initial active 8) (4 cores per cpu, 2 threads per core) family 6 model 142 stepping 11 microcode 0xde, cx8, cmov, fxsr, ht, mmx, 3dnowpref, sse, sse2, sse3, ssse3, sse4.1, sse4.2, popcnt, lzcnt, tsc, tscinvbit, avx, avx2, aes, erms, clmul, bmi1, bmi2, adx, fma, vzeroupper, clflush, clflushopt

Memory: 4k page, system-wide physical 8037M (632M free)
TotalPageFile size 18277M (AvailPageFile size 5M)
current process WorkingSet (physical memory assigned to process): 10M, peak: 10M
current process commit charge ("private bytes"): 60M, peak: 186M

vm_info: Java HotSpot(TM) 64-Bit Server VM (17.0.2+8-LTS-86) for windows-amd64 JRE (17.0.2+8-LTS-86), built on Dec  7 2021 21:51:03 by "mach5one" with MS VC++ 16.8 / 16.9 (VS2019)

END.
